#
# There is insufficient memory for the Java Runtime Environment to continue.
# Native memory allocation (malloc) failed to allocate 1511936 bytes for Chunk::new
# Possible reasons:
#   The system is out of physical RAM or swap space
#   In 32 bit mode, the process size limit was hit
# Possible solutions:
#   Reduce memory load on the system
#   Increase physical memory or swap space
#   Check if swap backing store is full
#   Use 64 bit Java on a 64 bit OS
#   Decrease Java heap size (-Xmx/-Xms)
#   Decrease number of Java threads
#   Decrease Java thread stack sizes (-Xss)
#   Set larger code cache with -XX:ReservedCodeCacheSize=
# This output file may be truncated or incomplete.
#
#  Out of Memory Error (allocation.cpp:390), pid=6136, tid=4204
#
# JRE version: Java(TM) SE Runtime Environment (8.0_25-b18) (build 1.8.0_25-b18)
# Java VM: Java HotSpot(TM) 64-Bit Server VM (25.25-b02 mixed mode windows-amd64 compressed oops)
# Failed to write core dump. Minidumps are not enabled by default on client versions of Windows
#

---------------  T H R E A D  ---------------

Current thread (0x000000001465f800):  JavaThread "C2 CompilerThread1" daemon [_thread_in_native, id=4204, stack(0x0000000015cc0000,0x0000000015dc0000)]

Stack: [0x0000000015cc0000,0x0000000015dc0000]
Native frames: (J=compiled Java code, j=interpreted, Vv=VM code, C=native code)
V  [jvm.dll+0x31667a]
V  [jvm.dll+0x267073]
V  [jvm.dll+0x267cb3]
V  [jvm.dll+0x25f5b5]
V  [jvm.dll+0xbf165]
V  [jvm.dll+0xbf60c]
V  [jvm.dll+0x45d672]
V  [jvm.dll+0x49e8ef]
V  [jvm.dll+0x452275]
V  [jvm.dll+0x453864]
V  [jvm.dll+0x437372]
V  [jvm.dll+0x98a02]
V  [jvm.dll+0x991f3]
V  [jvm.dll+0x22bde4]
V  [jvm.dll+0x2852fa]
C  [msvcr100.dll+0x21d9f]
C  [msvcr100.dll+0x21e3b]
C  [KERNEL32.DLL+0x13d2]
C  [ntdll.dll+0x6eb64]


Current CompileTask:
C2:  48350 1993       4       com.android.dx.cf.code.Simulator$SimVisitor::visitNoArgs (2108 bytes)


---------------  P R O C E S S  ---------------

Java Threads: ( => current thread )
  0x00000000146bd800 JavaThread "Service Thread" daemon [_thread_blocked, id=4964, stack(0x00000000162c0000,0x00000000163c0000)]
  0x0000000014676800 JavaThread "C1 CompilerThread2" daemon [_thread_blocked, id=6048, stack(0x0000000015dc0000,0x0000000015ec0000)]
=>0x000000001465f800 JavaThread "C2 CompilerThread1" daemon [_thread_in_native, id=4204, stack(0x0000000015cc0000,0x0000000015dc0000)]
  0x000000001465c800 JavaThread "C2 CompilerThread0" daemon [_thread_blocked, id=144, stack(0x0000000015bc0000,0x0000000015cc0000)]
  0x000000001465b000 JavaThread "Attach Listener" daemon [_thread_blocked, id=1124, stack(0x0000000015ac0000,0x0000000015bc0000)]
  0x0000000014659800 JavaThread "Signal Dispatcher" daemon [_thread_blocked, id=2112, stack(0x00000000159c0000,0x0000000015ac0000)]
  0x0000000001f85800 JavaThread "Finalizer" daemon [_thread_blocked, id=2612, stack(0x00000000158c0000,0x00000000159c0000)]
  0x0000000001f7d000 JavaThread "Reference Handler" daemon [_thread_blocked, id=5484, stack(0x00000000157c0000,0x00000000158c0000)]
  0x0000000001e8d800 JavaThread "main" [_thread_in_native, id=2644, stack(0x0000000001d00000,0x0000000001e00000)]

Other Threads:
  0x0000000014626000 VMThread [stack: 0x00000000156c0000,0x00000000157c0000] [id=4500]
  0x0000000015ed7000 WatcherThread [stack: 0x00000000163c0000,0x00000000164c0000] [id=4376]

VM state:not at safepoint (normal execution)

VM Mutex/Monitor currently owned by a thread: None

Heap:
 PSYoungGen      total 66048K, used 54296K [0x00000000eab00000, 0x00000000eee00000, 0x0000000100000000)
  eden space 63488K, 85% used [0x00000000eab00000,0x00000000ee006290,0x00000000ee900000)
  from space 2560K, 0% used [0x00000000eeb80000,0x00000000eeb80000,0x00000000eee00000)
  to   space 2560K, 0% used [0x00000000ee900000,0x00000000ee900000,0x00000000eeb80000)
 ParOldGen       total 42496K, used 33110K [0x00000000c0000000, 0x00000000c2980000, 0x00000000eab00000)
  object space 42496K, 77% used [0x00000000c0000000,0x00000000c20558c0,0x00000000c2980000)
 Metaspace       used 6735K, capacity 7608K, committed 7936K, reserved 1056768K
  class space    used 629K, capacity 688K, committed 768K, reserved 1048576K

Card table byte_map: [0x0000000011350000,0x0000000011560000] byte_map_base: 0x0000000010d50000

Marking Bits: (ParMarkBitMap*) 0x000000006276d490
 Begin Bits: [0x0000000011ac0000, 0x0000000012ac0000)
 End Bits:   [0x0000000012ac0000, 0x0000000013ac0000)

Polling page: 0x0000000000440000

CodeCache: size=245760Kb used=11314Kb max_used=11327Kb free=234445Kb
 bounds [0x0000000001f90000, 0x0000000002ab0000, 0x0000000010f90000]
 total_blobs=2765 nmethods=2498 adapters=182
 compilation: enabled

Compilation events (10 events):
Event: 45.055 Thread 0x0000000014676800 nmethod 2025 0x000000000293c890 code [0x000000000293ca00, 0x000000000293cde8]
Event: 45.055 Thread 0x0000000014676800 2026       3       com.android.dx.dex.file.EncodedMethod::compareTo (12 bytes)
Event: 45.056 Thread 0x0000000014676800 nmethod 2026 0x000000000293cf50 code [0x000000000293d120, 0x000000000293dac8]
Event: 45.056 Thread 0x0000000014676800 2027   !   3       com.android.dx.dex.file.MixedItemSection::add (49 bytes)
Event: 45.057 Thread 0x0000000014676800 nmethod 2027 0x000000000293ded0 code [0x000000000293e0c0, 0x000000000293ead8]
Event: 45.057 Thread 0x0000000014676800 2028       3       com.android.dx.dex.file.EncodedMethod::addContents (35 bytes)
Event: 45.057 Thread 0x0000000014676800 nmethod 2028 0x000000000293ef90 code [0x000000000293f100, 0x000000000293f558]
Event: 45.057 Thread 0x0000000014676800 2029       3       com.android.dx.dex.file.EncodedField::compareTo (9 bytes)
Event: 45.058 Thread 0x0000000014676800 nmethod 2029 0x000000000293f690 code [0x000000000293f800, 0x000000000293fbe8]
Event: 45.058 Thread 0x0000000014676800 2030       3       com.android.dx.dex.file.EncodedField::compareTo (12 bytes)

GC Heap History (10 events):
Event: 25.291 GC heap before
{Heap before GC invocations=3 (full 0):
 PSYoungGen      total 34304K, used 34293K [0x00000000eab00000, 0x00000000ecf00000, 0x0000000100000000)
  eden space 31744K, 100% used [0x00000000eab00000,0x00000000eca00000,0x00000000eca00000)
  from space 2560K, 99% used [0x00000000ecc80000,0x00000000ecefd490,0x00000000ecf00000)
  to   space 2560K, 0% used [0x00000000eca00000,0x00000000eca00000,0x00000000ecc80000)
 ParOldGen       total 42496K, used 3341K [0x00000000c0000000, 0x00000000c2980000, 0x00000000eab00000)
  object space 42496K, 7% used [0x00000000c0000000,0x00000000c0343790,0x00000000c2980000)
 Metaspace       used 5933K, capacity 7088K, committed 7296K, reserved 1056768K
  class space    used 575K, capacity 616K, committed 640K, reserved 1048576K
Event: 25.345 GC heap after
Heap after GC invocations=3 (full 0):
 PSYoungGen      total 34304K, used 2547K [0x00000000eab00000, 0x00000000eee00000, 0x0000000100000000)
  eden space 31744K, 0% used [0x00000000eab00000,0x00000000eab00000,0x00000000eca00000)
  from space 2560K, 99% used [0x00000000eca00000,0x00000000ecc7cc90,0x00000000ecc80000)
  to   space 2560K, 0% used [0x00000000eeb80000,0x00000000eeb80000,0x00000000eee00000)
 ParOldGen       total 42496K, used 8027K [0x00000000c0000000, 0x00000000c2980000, 0x00000000eab00000)
  object space 42496K, 18% used [0x00000000c0000000,0x00000000c07d6d00,0x00000000c2980000)
 Metaspace       used 5933K, capacity 7088K, committed 7296K, reserved 1056768K
  class space    used 575K, capacity 616K, committed 640K, reserved 1048576K
}
Event: 26.890 GC heap before
{Heap before GC invocations=4 (full 0):
 PSYoungGen      total 34304K, used 34291K [0x00000000eab00000, 0x00000000eee00000, 0x0000000100000000)
  eden space 31744K, 100% used [0x00000000eab00000,0x00000000eca00000,0x00000000eca00000)
  from space 2560K, 99% used [0x00000000eca00000,0x00000000ecc7cc90,0x00000000ecc80000)
  to   space 2560K, 0% used [0x00000000eeb80000,0x00000000eeb80000,0x00000000eee00000)
 ParOldGen       total 42496K, used 8027K [0x00000000c0000000, 0x00000000c2980000, 0x00000000eab00000)
  object space 42496K, 18% used [0x00000000c0000000,0x00000000c07d6d00,0x00000000c2980000)
 Metaspace       used 5952K, capacity 7088K, committed 7296K, reserved 1056768K
  class space    used 575K, capacity 616K, committed 640K, reserved 1048576K
Event: 26.935 GC heap after
Heap after GC invocations=4 (full 0):
 PSYoungGen      total 66048K, used 2529K [0x00000000eab00000, 0x00000000eee00000, 0x0000000100000000)
  eden space 63488K, 0% used [0x00000000eab00000,0x00000000eab00000,0x00000000ee900000)
  from space 2560K, 98% used [0x00000000eeb80000,0x00000000eedf8458,0x00000000eee00000)
  to   space 2560K, 0% used [0x00000000ee900000,0x00000000ee900000,0x00000000eeb80000)
 ParOldGen       total 42496K, used 13085K [0x00000000c0000000, 0x00000000c2980000, 0x00000000eab00000)
  object space 42496K, 30% used [0x00000000c0000000,0x00000000c0cc7780,0x00000000c2980000)
 Metaspace       used 5952K, capacity 7088K, committed 7296K, reserved 1056768K
  class space    used 575K, capacity 616K, committed 640K, reserved 1048576K
}
Event: 30.574 GC heap before
{Heap before GC invocations=5 (full 0):
 PSYoungGen      total 66048K, used 66017K [0x00000000eab00000, 0x00000000eee00000, 0x0000000100000000)
  eden space 63488K, 100% used [0x00000000eab00000,0x00000000ee900000,0x00000000ee900000)
  from space 2560K, 98% used [0x00000000eeb80000,0x00000000eedf8458,0x00000000eee00000)
  to   space 2560K, 0% used [0x00000000ee900000,0x00000000ee900000,0x00000000eeb80000)
 ParOldGen       total 42496K, used 13085K [0x00000000c0000000, 0x00000000c2980000, 0x00000000eab00000)
  object space 42496K, 30% used [0x00000000c0000000,0x00000000c0cc7780,0x00000000c2980000)
 Metaspace       used 5980K, capacity 7088K, committed 7296K, reserved 1056768K
  class space    used 575K, capacity 616K, committed 640K, reserved 1048576K
Event: 32.646 GC heap after
Heap after GC invocations=5 (full 0):
 PSYoungGen      total 66048K, used 2537K [0x00000000eab00000, 0x00000000eee00000, 0x0000000100000000)
  eden space 63488K, 0% used [0x00000000eab00000,0x00000000eab00000,0x00000000ee900000)
  from space 2560K, 99% used [0x00000000ee900000,0x00000000eeb7a6e0,0x00000000eeb80000)
  to   space 2560K, 0% used [0x00000000eeb80000,0x00000000eeb80000,0x00000000eee00000)
 ParOldGen       total 42496K, used 23521K [0x00000000c0000000, 0x00000000c2980000, 0x00000000eab00000)
  object space 42496K, 55% used [0x00000000c0000000,0x00000000c16f86a8,0x00000000c2980000)
 Metaspace       used 5980K, capacity 7088K, committed 7296K, reserved 1056768K
  class space    used 575K, capacity 616K, committed 640K, reserved 1048576K
}
Event: 33.579 GC heap before
{Heap before GC invocations=6 (full 0):
 PSYoungGen      total 66048K, used 66025K [0x00000000eab00000, 0x00000000eee00000, 0x0000000100000000)
  eden space 63488K, 100% used [0x00000000eab00000,0x00000000ee900000,0x00000000ee900000)
  from space 2560K, 99% used [0x00000000ee900000,0x00000000eeb7a6e0,0x00000000eeb80000)
  to   space 2560K, 0% used [0x00000000eeb80000,0x00000000eeb80000,0x00000000eee00000)
 ParOldGen       total 42496K, used 23521K [0x00000000c0000000, 0x00000000c2980000, 0x00000000eab00000)
  object space 42496K, 55% used [0x00000000c0000000,0x00000000c16f86a8,0x00000000c2980000)
 Metaspace       used 5993K, capacity 7088K, committed 7296K, reserved 1056768K
  class space    used 576K, capacity 616K, committed 640K, reserved 1048576K
Event: 35.636 GC heap after
Heap after GC invocations=6 (full 0):
 PSYoungGen      total 66048K, used 2542K [0x00000000eab00000, 0x00000000eee00000, 0x0000000100000000)
  eden space 63488K, 0% used [0x00000000eab00000,0x00000000eab00000,0x00000000ee900000)
  from space 2560K, 99% used [0x00000000eeb80000,0x00000000eedfb9b0,0x00000000eee00000)
  to   space 2560K, 0% used [0x00000000ee900000,0x00000000ee900000,0x00000000eeb80000)
 ParOldGen       total 42496K, used 33781K [0x00000000c0000000, 0x00000000c2980000, 0x00000000eab00000)
  object space 42496K, 79% used [0x00000000c0000000,0x00000000c20fd638,0x00000000c2980000)
 Metaspace       used 5993K, capacity 7088K, committed 7296K, reserved 1056768K
  class space    used 576K, capacity 616K, committed 640K, reserved 1048576K
}
Event: 35.974 GC heap before
{Heap before GC invocations=7 (full 1):
 PSYoungGen      total 66048K, used 2542K [0x00000000eab00000, 0x00000000eee00000, 0x0000000100000000)
  eden space 63488K, 0% used [0x00000000eab00000,0x00000000eab00000,0x00000000ee900000)
  from space 2560K, 99% used [0x00000000eeb80000,0x00000000eedfb9b0,0x00000000eee00000)
  to   space 2560K, 0% used [0x00000000ee900000,0x00000000ee900000,0x00000000eeb80000)
 ParOldGen       total 42496K, used 33781K [0x00000000c0000000, 0x00000000c2980000, 0x00000000eab00000)
  object space 42496K, 79% used [0x00000000c0000000,0x00000000c20fd638,0x00000000c2980000)
 Metaspace       used 5993K, capacity 7088K, committed 7296K, reserved 1056768K
  class space    used 576K, capacity 616K, committed 640K, reserved 1048576K
Event: 42.289 GC heap after
Heap after GC invocations=7 (full 1):
 PSYoungGen      total 66048K, used 0K [0x00000000eab00000, 0x00000000eee00000, 0x0000000100000000)
  eden space 63488K, 0% used [0x00000000eab00000,0x00000000eab00000,0x00000000ee900000)
  from space 2560K, 0% used [0x00000000eeb80000,0x00000000eeb80000,0x00000000eee00000)
  to   space 2560K, 0% used [0x00000000ee900000,0x00000000ee900000,0x00000000eeb80000)
 ParOldGen       total 42496K, used 33110K [0x00000000c0000000, 0x00000000c2980000, 0x00000000eab00000)
  object space 42496K, 77% used [0x00000000c0000000,0x00000000c20558c0,0x00000000c2980000)
 Metaspace       used 5993K, capacity 7088K, committed 7296K, reserved 1056768K
  class space    used 576K, capacity 616K, committed 640K, reserved 1048576K
}

Deoptimization events (10 events):
Event: 42.598 Thread 0x0000000001e8d800 Uncommon trap: reason=class_check action=maybe_recompile pc=0x0000000002810cc0 method=com.android.dx.ssa.back.FirstFitLocalCombiningAllocator.findNextUnreservedRopReg(IILcom/android/dx/ssa/back/FirstFitLocalCombiningAllocator$Alignment;)I @ 60
Event: 42.598 Thread 0x0000000001e8d800 Uncommon trap: reason=class_check action=maybe_recompile pc=0x00000000027ca210 method=com.android.dx.ssa.back.FirstFitLocalCombiningAllocator.findNextUnreservedRopReg(IILcom/android/dx/ssa/back/FirstFitLocalCombiningAllocator$Alignment;)I @ 60
Event: 42.855 Thread 0x0000000001e8d800 Uncommon trap: reason=unreached action=reinterpret pc=0x00000000028f1248 method=com.android.dx.cf.direct.StdAttributeFactory.parse0(Lcom/android/dx/cf/direct/DirectClassFile;ILjava/lang/String;IILcom/android/dx/cf/iface/ParseObserver;)Lcom/android/dx/cf/if
Event: 42.990 Thread 0x0000000001e8d800 Uncommon trap: reason=bimorphic action=maybe_recompile pc=0x000000000289a008 method=com.android.dx.cf.code.BytecodeArray.parseInstruction(ILcom/android/dx/cf/code/BytecodeArray$Visitor;)I @ 1597
Event: 42.990 Thread 0x0000000001e8d800 Uncommon trap: reason=bimorphic action=maybe_recompile pc=0x000000000289a008 method=com.android.dx.cf.code.BytecodeArray.parseInstruction(ILcom/android/dx/cf/code/BytecodeArray$Visitor;)I @ 1597
Event: 45.044 Thread 0x0000000001e8d800 Uncommon trap: reason=class_check action=maybe_recompile pc=0x0000000002444160 method=java.util.Arrays.hashCode([Ljava/lang/Object;)I @ 43
Event: 45.045 Thread 0x0000000001e8d800 Uncommon trap: reason=class_check action=maybe_recompile pc=0x0000000002444160 method=java.util.Arrays.hashCode([Ljava/lang/Object;)I @ 43
Event: 45.045 Thread 0x0000000001e8d800 Uncommon trap: reason=class_check action=maybe_recompile pc=0x0000000002444160 method=java.util.Arrays.hashCode([Ljava/lang/Object;)I @ 43
Event: 45.045 Thread 0x0000000001e8d800 Uncommon trap: reason=class_check action=maybe_recompile pc=0x0000000002444160 method=java.util.Arrays.hashCode([Ljava/lang/Object;)I @ 43
Event: 45.045 Thread 0x0000000001e8d800 Uncommon trap: reason=class_check action=maybe_recompile pc=0x0000000002439980 method=java.util.Arrays.hashCode([Ljava/lang/Object;)I @ 43

Internal exceptions (10 events):
Event: 19.738 Thread 0x0000000001e8d800 Exception <a 'java/lang/ArrayIndexOutOfBoundsException'> (0x00000000eb225420) thrown at [D:\re\workspace\8-2-build-windows-amd64-cygwin\jdk8u25\1677\hotspot\src\share\vm\runtime\sharedRuntime.cpp, line 604]
Event: 21.124 Thread 0x0000000001e8d800 Exception <a 'java/lang/ArrayIndexOutOfBoundsException'> (0x00000000eb226638) thrown at [D:\re\workspace\8-2-build-windows-amd64-cygwin\jdk8u25\1677\hotspot\src\share\vm\runtime\sharedRuntime.cpp, line 604]
Event: 22.810 Thread 0x0000000001e8d800 Exception <a 'java/security/PrivilegedActionException'> (0x00000000eb605270) thrown at [D:\re\workspace\8-2-build-windows-amd64-cygwin\jdk8u25\1677\hotspot\src\share\vm\prims\jvm.cpp, line 1312]
Event: 23.307 Thread 0x0000000001e8d800 Implicit null exception at 0x00000000022bf381 to 0x00000000022c1a91
Event: 23.833 Thread 0x0000000001e8d800 Exception <a 'java/security/PrivilegedActionException'> (0x00000000ebc27e70) thrown at [D:\re\workspace\8-2-build-windows-amd64-cygwin\jdk8u25\1677\hotspot\src\share\vm\prims\jvm.cpp, line 1312]
Event: 24.353 Thread 0x0000000001e8d800 Exception <a 'java/security/PrivilegedActionException'> (0x00000000ec2068a8) thrown at [D:\re\workspace\8-2-build-windows-amd64-cygwin\jdk8u25\1677\hotspot\src\share\vm\prims\jvm.cpp, line 1312]
Event: 25.381 Thread 0x0000000001e8d800 Exception <a 'java/security/PrivilegedActionException'> (0x00000000eac615f8) thrown at [D:\re\workspace\8-2-build-windows-amd64-cygwin\jdk8u25\1677\hotspot\src\share\vm\prims\jvm.cpp, line 1312]
Event: 33.183 Thread 0x0000000001e8d800 Exception <a 'java/security/PrivilegedActionException'> (0x00000000ecb21fb8) thrown at [D:\re\workspace\8-2-build-windows-amd64-cygwin\jdk8u25\1677\hotspot\src\share\vm\prims\jvm.cpp, line 1312]
Event: 42.855 Thread 0x0000000001e8d800 Exception <a 'java/security/PrivilegedActionException'> (0x00000000eb8b2830) thrown at [D:\re\workspace\8-2-build-windows-amd64-cygwin\jdk8u25\1677\hotspot\src\share\vm\prims\jvm.cpp, line 1312]
Event: 45.048 Thread 0x0000000001e8d800 Exception <a 'java/security/PrivilegedActionException'> (0x00000000ecf3d130) thrown at [D:\re\workspace\8-2-build-windows-amd64-cygwin\jdk8u25\1677\hotspot\src\share\vm\prims\jvm.cpp, line 1312]

Events (10 events):
Event: 45.045 Thread 0x0000000001e8d800 Uncommon trap: trap_request=0xffffffde fr.pc=0x0000000002444160
Event: 45.045 Thread 0x0000000001e8d800 DEOPT PACKING pc=0x0000000002444160 sp=0x0000000001dfea00
Event: 45.045 Thread 0x0000000001e8d800 DEOPT UNPACKING pc=0x0000000001fd556a sp=0x0000000001dfe930 mode 2
Event: 45.045 loading class java/util/ComparableTimSort
Event: 45.045 loading class java/util/ComparableTimSort done
Event: 45.045 Thread 0x0000000001e8d800 Uncommon trap: trap_request=0xffffffde fr.pc=0x0000000002439980
Event: 45.046 Thread 0x0000000001e8d800 DEOPT PACKING pc=0x0000000002439980 sp=0x0000000001dfed30
Event: 45.046 Thread 0x0000000001e8d800 DEOPT UNPACKING pc=0x0000000001fd556a sp=0x0000000001dfecb8 mode 2
Event: 45.048 loading class com/android/dx/rop/cst/Zeroes
Event: 45.048 loading class com/android/dx/rop/cst/Zeroes done


Dynamic libraries:
0x00007ff719be0000 - 0x00007ff719c14000 	C:\Program Files\Java\jdk1.8.0_25\bin\java.exe
0x00007ff83b690000 - 0x00007ff83b83c000 	C:\Windows\SYSTEM32\ntdll.dll
0x00007ff839190000 - 0x00007ff8392ce000 	C:\Windows\system32\KERNEL32.DLL
0x00007ff8388b0000 - 0x00007ff8389c5000 	C:\Windows\system32\KERNELBASE.dll
0x00007ff837360000 - 0x00007ff8373ee000 	C:\Windows\system32\apphelp.dll
0x00007ff8296b0000 - 0x00007ff829703000 	C:\Windows\AppPatch\AppPatch64\AcGenral.DLL
0x00007ff838e70000 - 0x00007ff838f1a000 	C:\Windows\system32\msvcrt.dll
0x00007ff838680000 - 0x00007ff8386ae000 	C:\Windows\SYSTEM32\SspiCli.dll
0x00007ff83a9b0000 - 0x00007ff83aa04000 	C:\Windows\system32\SHLWAPI.dll
0x00007ff83b2a0000 - 0x00007ff83b417000 	C:\Windows\system32\USER32.dll
0x00007ff83a810000 - 0x00007ff83a9a4000 	C:\Windows\system32\ole32.dll
0x00007ff8392d0000 - 0x00007ff83a7e8000 	C:\Windows\system32\SHELL32.dll
0x00007ff837d60000 - 0x00007ff837d81000 	C:\Windows\SYSTEM32\USERENV.dll
0x00007ff83aa70000 - 0x00007ff83ab1a000 	C:\Windows\system32\ADVAPI32.dll
0x00007ff831740000 - 0x00007ff83175e000 	C:\Windows\SYSTEM32\MPR.dll
0x00007ff838f20000 - 0x00007ff839061000 	C:\Windows\system32\RPCRT4.dll
0x00007ff83b0e0000 - 0x00007ff83b139000 	C:\Windows\SYSTEM32\sechost.dll
0x00007ff83aec0000 - 0x00007ff83b0d1000 	C:\Windows\SYSTEM32\combase.dll
0x00007ff83b140000 - 0x00007ff83b291000 	C:\Windows\system32\GDI32.dll
0x00007ff8387e0000 - 0x00007ff8387f5000 	C:\Windows\SYSTEM32\profapi.dll
0x00007ff836b80000 - 0x00007ff836c32000 	C:\Windows\SYSTEM32\SHCORE.dll
0x00007ff83ae80000 - 0x00007ff83aeb6000 	C:\Windows\system32\IMM32.DLL
0x00007ff838d10000 - 0x00007ff838e63000 	C:\Windows\system32\MSCTF.dll
0x00007ff8360d0000 - 0x00007ff83634b000 	C:\Windows\WinSxS\amd64_microsoft.windows.common-controls_6595b64144ccf1df_6.0.9600.17415_none_6240486fecbd8abb\COMCTL32.dll
0x0000000063110000 - 0x00000000631e2000 	C:\Program Files\Java\jdk1.8.0_25\jre\bin\msvcr100.dll
0x0000000061f90000 - 0x00000000627ea000 	C:\Program Files\Java\jdk1.8.0_25\jre\bin\server\jvm.dll
0x00007ff834200000 - 0x00007ff834209000 	C:\Windows\SYSTEM32\WSOCK32.dll
0x00007ff831190000 - 0x00007ff8311b2000 	C:\Windows\SYSTEM32\WINMM.dll
0x00007ff83adf0000 - 0x00007ff83adf7000 	C:\Windows\system32\PSAPI.DLL
0x00007ff83aa10000 - 0x00007ff83aa6a000 	C:\Windows\system32\WS2_32.dll
0x00007ff831160000 - 0x00007ff83118a000 	C:\Windows\SYSTEM32\WINMMBASE.dll
0x00007ff83ae00000 - 0x00007ff83ae09000 	C:\Windows\system32\NSI.dll
0x00007ff838a80000 - 0x00007ff838acf000 	C:\Windows\SYSTEM32\cfgmgr32.dll
0x00007ff8375d0000 - 0x00007ff8375f8000 	C:\Windows\SYSTEM32\DEVOBJ.dll
0x0000000063970000 - 0x000000006397f000 	C:\Program Files\Java\jdk1.8.0_25\jre\bin\verify.dll
0x0000000063940000 - 0x0000000063968000 	C:\Program Files\Java\jdk1.8.0_25\jre\bin\java.dll
0x0000000063920000 - 0x0000000063936000 	C:\Program Files\Java\jdk1.8.0_25\jre\bin\zip.dll
0x00007ff81af60000 - 0x00007ff81b0ea000 	C:\Windows\SYSTEM32\dbghelp.dll

VM Arguments:
jvm_args: -Xmx1024M -Dfile.encoding=windows-1254 -Duser.country=US -Duser.language=en -Duser.variant 
java_command: com.android.dx.command.Main --dex --output C:\Users\Kadirroi\Desktop\MyApplication\app\build\intermediates\pre-dexed\debug\classes-7f76972e699aaf0f366c6daeaa66cfb4761f0393.jar C:\Users\Kadirroi\Desktop\MyApplication\app\build\intermediates\exploded-aar\com.android.support\appcompat-v7\21.0.3\classes.jar
java_class_path (initial): C:\Users\Kadirroi\AppData\Local\Android\sdk\build-tools\21.1.2\lib\dx.jar
Launcher Type: SUN_STANDARD

Environment Variables:
JAVA_HOME=C:\Program Files\Java\jdk1.8.0_25
PATH=C:\ProgramData\Oracle\Java\javapath;C:\Program Files (x86)\AMD APP\bin\x86_64;C:\Program Files (x86)\AMD APP\bin\x86;C:\Windows\system32;C:\Windows;C:\Windows\System32\Wbem;C:\Windows\System32\WindowsPowerShell\v1.0\;C:\Program Files (x86)\ATI Technologies\ATI.ACE\Core-Static;C:\Program Files\Microsoft SQL Server\120\Tools\Binn\;C:\Python27;C:\Program Files (x86)\scala\bin;C:\Program Files\Java\jdk1.8.0_25\bin;C:\apache-ant-1.9.4\bin;C:\Program Files\Microsoft SQL Server\110\Tools\Binn\;C:\Program Files\nodejs\;C:\Program Files (x86)\Windows Kits\8.1\Windows Performance Toolkit\;C:\Program Files (x86)\Microsoft SDKs\TypeScript\1.0\;C:\Program Files\Microsoft SQL Server\Client SDK\ODBC\110\Tools\Binn\;C:\Program Files (x86)\Microsoft SQL Server\120\Tools\Binn\;C:\Program Files\Microsoft SQL Server\120\DTS\Binn\;C:\Program Files (x86)\Microsoft SQL Server\120\Tools\Binn\ManagementStudio\;C:\Program Files (x86)\Microsoft SQL Server\120\DTS\Binn\;C:\Program Files\MATLAB\R2014a\runtime\win64;C:\Program Files\MATLAB\R2014a\bin;C:\Users\Kadirroi\AppData\Roaming\npm
USERNAME=Kadirroi
OS=Windows_NT
PROCESSOR_IDENTIFIER=Intel64 Family 6 Model 37 Stepping 2, GenuineIntel



---------------  S Y S T E M  ---------------

OS: Windows 8.1 , 64 bit Build 9600 

CPU:total 4 (2 cores per cpu, 2 threads per core) family 6 model 37 stepping 2, cmov, cx8, fxsr, mmx, sse, sse2, sse3, ssse3, sse4.1, sse4.2, popcnt, ht, tsc, tscinvbit

Memory: 4k page, physical 4052584k(366136k free), swap 5896084k(149956k free)

vm_info: Java HotSpot(TM) 64-Bit Server VM (25.25-b02) for windows-amd64 JRE (1.8.0_25-b18), built on Oct  7 2014 14:25:37 by "java_re" with MS VC++ 10.0 (VS2010)

time: Thu Mar 05 14:02:28 2015
elapsed time: 48 seconds (0d 0h 0m 48s)

