#
# There is insufficient memory for the Java Runtime Environment to continue.
# Native memory allocation (malloc) failed to allocate 1278256 bytes for Chunk::new
# Possible reasons:
#   The system is out of physical RAM or swap space
#   In 32 bit mode, the process size limit was hit
# Possible solutions:
#   Reduce memory load on the system
#   Increase physical memory or swap space
#   Check if swap backing store is full
#   Use 64 bit Java on a 64 bit OS
#   Decrease Java heap size (-Xmx/-Xms)
#   Decrease number of Java threads
#   Decrease Java thread stack sizes (-Xss)
#   Set larger code cache with -XX:ReservedCodeCacheSize=
# This output file may be truncated or incomplete.
#
#  Out of Memory Error (allocation.cpp:390), pid=5336, tid=4960
#
# JRE version: Java(TM) SE Runtime Environment (8.0_25-b18) (build 1.8.0_25-b18)
# Java VM: Java HotSpot(TM) 64-Bit Server VM (25.25-b02 mixed mode windows-amd64 compressed oops)
# Failed to write core dump. Minidumps are not enabled by default on client versions of Windows
#

---------------  T H R E A D  ---------------

Current thread (0x000000001487f800):  JavaThread "C2 CompilerThread1" daemon [_thread_in_native, id=4960, stack(0x0000000015ef0000,0x0000000015ff0000)]

Stack: [0x0000000015ef0000,0x0000000015ff0000]
Native frames: (J=compiled Java code, j=interpreted, Vv=VM code, C=native code)
V  [jvm.dll+0x31667a]
V  [jvm.dll+0x267073]
V  [jvm.dll+0x267cb3]
V  [jvm.dll+0x25f5b5]
V  [jvm.dll+0xbf165]
V  [jvm.dll+0xbf60c]
V  [jvm.dll+0x45d672]
V  [jvm.dll+0x49e8ef]
V  [jvm.dll+0x4524ef]
V  [jvm.dll+0x453864]
V  [jvm.dll+0x437372]
V  [jvm.dll+0x98a02]
V  [jvm.dll+0x991f3]
V  [jvm.dll+0x22bde4]
V  [jvm.dll+0x2852fa]
C  [msvcr100.dll+0x21d9f]
C  [msvcr100.dll+0x21e3b]
C  [KERNEL32.DLL+0x13d2]
C  [ntdll.dll+0x6eb64]


Current CompileTask:
C2:  48350 2554       4       com.android.dx.dex.code.DalvCode::finishProcessingIfNecessary (69 bytes)


---------------  P R O C E S S  ---------------

Java Threads: ( => current thread )
  0x00000000148dc000 JavaThread "Service Thread" daemon [_thread_blocked, id=1964, stack(0x00000000160f0000,0x00000000161f0000)]
  0x0000000014882800 JavaThread "C1 CompilerThread2" daemon [_thread_blocked, id=4248, stack(0x0000000015ff0000,0x00000000160f0000)]
=>0x000000001487f800 JavaThread "C2 CompilerThread1" daemon [_thread_in_native, id=4960, stack(0x0000000015ef0000,0x0000000015ff0000)]
  0x000000001487c800 JavaThread "C2 CompilerThread0" daemon [_thread_blocked, id=1832, stack(0x0000000015df0000,0x0000000015ef0000)]
  0x000000001487b000 JavaThread "Attach Listener" daemon [_thread_blocked, id=4256, stack(0x0000000015cf0000,0x0000000015df0000)]
  0x0000000014879800 JavaThread "Signal Dispatcher" daemon [_thread_blocked, id=408, stack(0x0000000015bf0000,0x0000000015cf0000)]
  0x0000000002135800 JavaThread "Finalizer" daemon [_thread_blocked, id=5488, stack(0x0000000015af0000,0x0000000015bf0000)]
  0x000000000212d000 JavaThread "Reference Handler" daemon [_thread_blocked, id=5112, stack(0x00000000159f0000,0x0000000015af0000)]
  0x00000000021ad800 JavaThread "main" [_thread_in_native, id=5880, stack(0x0000000000790000,0x0000000000890000)]

Other Threads:
  0x0000000014846000 VMThread [stack: 0x00000000158f0000,0x00000000159f0000] [id=3916]
  0x0000000016201000 WatcherThread [stack: 0x00000000165f0000,0x00000000166f0000] [id=4300]

VM state:not at safepoint (normal execution)

VM Mutex/Monitor currently owned by a thread: None

Heap:
 PSYoungGen      total 70656K, used 69575K [0x00000000eab00000, 0x00000000efa00000, 0x0000000100000000)
  eden space 61952K, 98% used [0x00000000eab00000,0x00000000ee679848,0x00000000ee780000)
  from space 8704K, 99% used [0x00000000ee780000,0x00000000eeff8560,0x00000000ef000000)
  to   space 7168K, 0% used [0x00000000ef000000,0x00000000ef000000,0x00000000ef700000)
 ParOldGen       total 76288K, used 39150K [0x00000000c0000000, 0x00000000c4a80000, 0x00000000eab00000)
  object space 76288K, 51% used [0x00000000c0000000,0x00000000c263b960,0x00000000c4a80000)
 Metaspace       used 6813K, capacity 7672K, committed 7936K, reserved 1056768K
  class space    used 629K, capacity 688K, committed 768K, reserved 1048576K

Card table byte_map: [0x0000000011570000,0x0000000011780000] byte_map_base: 0x0000000010f70000

Marking Bits: (ParMarkBitMap*) 0x000000006276d490
 Begin Bits: [0x0000000011ce0000, 0x0000000012ce0000)
 End Bits:   [0x0000000012ce0000, 0x0000000013ce0000)

Polling page: 0x0000000000670000

CodeCache: size=245760Kb used=12849Kb max_used=12861Kb free=232910Kb
 bounds [0x00000000021b0000, 0x0000000002e50000, 0x00000000111b0000]
 total_blobs=2953 nmethods=2686 adapters=182
 compilation: enabled

Compilation events (10 events):
Event: 44.155 Thread 0x0000000014882800 2606       1       com.android.dx.dex.file.MethodIdItem::itemType (4 bytes)
Event: 44.155 Thread 0x0000000014882800 nmethod 2606 0x0000000002db54d0 code [0x0000000002db5620, 0x0000000002db5730]
Event: 44.158 Thread 0x0000000014882800 2607       3       com.android.dx.dex.file.ClassDefItem::itemType (4 bytes)
Event: 44.158 Thread 0x0000000014882800 nmethod 2607 0x0000000002db5790 code [0x0000000002db58e0, 0x0000000002db5a30]
Event: 44.159 Thread 0x0000000014882800 2608       1       com.android.dx.dex.file.TypeListItem::itemType (4 bytes)
Event: 44.159 Thread 0x0000000014882800 nmethod 2608 0x0000000002db5ad0 code [0x0000000002db5c20, 0x0000000002db5d30]
Event: 44.162 Thread 0x0000000014882800 2609       3       com.android.dx.dex.file.EncodedArrayItem::itemType (4 bytes)
Event: 44.162 Thread 0x0000000014882800 nmethod 2609 0x0000000002db5d90 code [0x0000000002db5ee0, 0x0000000002db6030]
Event: 44.162 Thread 0x0000000014882800 2610       3       com.android.dx.dex.file.ClassDataItem::itemType (4 bytes)
Event: 44.162 Thread 0x0000000014882800 nmethod 2610 0x0000000002db60d0 code [0x0000000002db6220, 0x0000000002db6370]

GC Heap History (10 events):
Event: 29.489 GC heap before
{Heap before GC invocations=6 (full 0):
 PSYoungGen      total 34304K, used 34283K [0x00000000eab00000, 0x00000000ef700000, 0x0000000100000000)
  eden space 31744K, 100% used [0x00000000eab00000,0x00000000eca00000,0x00000000eca00000)
  from space 2560K, 99% used [0x00000000eca00000,0x00000000ecc7ac98,0x00000000ecc80000)
  to   space 7168K, 0% used [0x00000000ef000000,0x00000000ef000000,0x00000000ef700000)
 ParOldGen       total 42496K, used 13295K [0x00000000c0000000, 0x00000000c2980000, 0x00000000eab00000)
  object space 42496K, 31% used [0x00000000c0000000,0x00000000c0cfbce0,0x00000000c2980000)
 Metaspace       used 5982K, capacity 7088K, committed 7296K, reserved 1056768K
  class space    used 575K, capacity 616K, committed 640K, reserved 1048576K
Event: 29.602 GC heap after
Heap after GC invocations=6 (full 0):
 PSYoungGen      total 69120K, used 7166K [0x00000000eab00000, 0x00000000efa00000, 0x0000000100000000)
  eden space 61952K, 0% used [0x00000000eab00000,0x00000000eab00000,0x00000000ee780000)
  from space 7168K, 99% used [0x00000000ef000000,0x00000000ef6ff9c0,0x00000000ef700000)
  to   space 8704K, 0% used [0x00000000ee780000,0x00000000ee780000,0x00000000ef000000)
 ParOldGen       total 42496K, used 14138K [0x00000000c0000000, 0x00000000c2980000, 0x00000000eab00000)
  object space 42496K, 33% used [0x00000000c0000000,0x00000000c0dce9a8,0x00000000c2980000)
 Metaspace       used 5982K, capacity 7088K, committed 7296K, reserved 1056768K
  class space    used 575K, capacity 616K, committed 640K, reserved 1048576K
}
Event: 30.686 GC heap before
{Heap before GC invocations=7 (full 0):
 PSYoungGen      total 69120K, used 69118K [0x00000000eab00000, 0x00000000efa00000, 0x0000000100000000)
  eden space 61952K, 100% used [0x00000000eab00000,0x00000000ee780000,0x00000000ee780000)
  from space 7168K, 99% used [0x00000000ef000000,0x00000000ef6ff9c0,0x00000000ef700000)
  to   space 8704K, 0% used [0x00000000ee780000,0x00000000ee780000,0x00000000ef000000)
 ParOldGen       total 42496K, used 14138K [0x00000000c0000000, 0x00000000c2980000, 0x00000000eab00000)
  object space 42496K, 33% used [0x00000000c0000000,0x00000000c0dce9a8,0x00000000c2980000)
 Metaspace       used 6005K, capacity 7088K, committed 7296K, reserved 1056768K
  class space    used 576K, capacity 616K, committed 640K, reserved 1048576K
Event: 32.743 GC heap after
Heap after GC invocations=7 (full 0):
 PSYoungGen      total 70656K, used 8691K [0x00000000eab00000, 0x00000000efa00000, 0x0000000100000000)
  eden space 61952K, 0% used [0x00000000eab00000,0x00000000eab00000,0x00000000ee780000)
  from space 8704K, 99% used [0x00000000ee780000,0x00000000eeffcd00,0x00000000ef000000)
  to   space 7168K, 0% used [0x00000000ef000000,0x00000000ef000000,0x00000000ef700000)
 ParOldGen       total 42496K, used 22612K [0x00000000c0000000, 0x00000000c2980000, 0x00000000eab00000)
  object space 42496K, 53% used [0x00000000c0000000,0x00000000c1615120,0x00000000c2980000)
 Metaspace       used 6005K, capacity 7088K, committed 7296K, reserved 1056768K
  class space    used 576K, capacity 616K, committed 640K, reserved 1048576K
}
Event: 33.674 GC heap before
{Heap before GC invocations=8 (full 0):
 PSYoungGen      total 70656K, used 70643K [0x00000000eab00000, 0x00000000efa00000, 0x0000000100000000)
  eden space 61952K, 100% used [0x00000000eab00000,0x00000000ee780000,0x00000000ee780000)
  from space 8704K, 99% used [0x00000000ee780000,0x00000000eeffcd00,0x00000000ef000000)
  to   space 7168K, 0% used [0x00000000ef000000,0x00000000ef000000,0x00000000ef700000)
 ParOldGen       total 42496K, used 22612K [0x00000000c0000000, 0x00000000c2980000, 0x00000000eab00000)
  object space 42496K, 53% used [0x00000000c0000000,0x00000000c1615120,0x00000000c2980000)
 Metaspace       used 6059K, capacity 7152K, committed 7296K, reserved 1056768K
  class space    used 576K, capacity 616K, committed 640K, reserved 1048576K
Event: 35.731 GC heap after
Heap after GC invocations=8 (full 0):
 PSYoungGen      total 69120K, used 7157K [0x00000000eab00000, 0x00000000efa00000, 0x0000000100000000)
  eden space 61952K, 0% used [0x00000000eab00000,0x00000000eab00000,0x00000000ee780000)
  from space 7168K, 99% used [0x00000000ef000000,0x00000000ef6fd540,0x00000000ef700000)
  to   space 8704K, 0% used [0x00000000ee780000,0x00000000ee780000,0x00000000ef000000)
 ParOldGen       total 42496K, used 34646K [0x00000000c0000000, 0x00000000c2980000, 0x00000000eab00000)
  object space 42496K, 81% used [0x00000000c0000000,0x00000000c21d5840,0x00000000c2980000)
 Metaspace       used 6059K, capacity 7152K, committed 7296K, reserved 1056768K
  class space    used 576K, capacity 616K, committed 640K, reserved 1048576K
}
Event: 35.974 GC heap before
{Heap before GC invocations=9 (full 1):
 PSYoungGen      total 69120K, used 7157K [0x00000000eab00000, 0x00000000efa00000, 0x0000000100000000)
  eden space 61952K, 0% used [0x00000000eab00000,0x00000000eab00000,0x00000000ee780000)
  from space 7168K, 99% used [0x00000000ef000000,0x00000000ef6fd540,0x00000000ef700000)
  to   space 8704K, 0% used [0x00000000ee780000,0x00000000ee780000,0x00000000ef000000)
 ParOldGen       total 42496K, used 34646K [0x00000000c0000000, 0x00000000c2980000, 0x00000000eab00000)
  object space 42496K, 81% used [0x00000000c0000000,0x00000000c21d5840,0x00000000c2980000)
 Metaspace       used 6059K, capacity 7152K, committed 7296K, reserved 1056768K
  class space    used 576K, capacity 616K, committed 640K, reserved 1048576K
Event: 38.232 GC heap after
Heap after GC invocations=9 (full 1):
 PSYoungGen      total 69120K, used 0K [0x00000000eab00000, 0x00000000efa00000, 0x0000000100000000)
  eden space 61952K, 0% used [0x00000000eab00000,0x00000000eab00000,0x00000000ee780000)
  from space 7168K, 0% used [0x00000000ef000000,0x00000000ef000000,0x00000000ef700000)
  to   space 8704K, 0% used [0x00000000ee780000,0x00000000ee780000,0x00000000ef000000)
 ParOldGen       total 76288K, used 38897K [0x00000000c0000000, 0x00000000c4a80000, 0x00000000eab00000)
  object space 76288K, 50% used [0x00000000c0000000,0x00000000c25fc6b0,0x00000000c4a80000)
 Metaspace       used 6059K, capacity 7152K, committed 7296K, reserved 1056768K
  class space    used 576K, capacity 616K, committed 640K, reserved 1048576K
}
Event: 38.625 GC heap before
{Heap before GC invocations=10 (full 1):
 PSYoungGen      total 69120K, used 61952K [0x00000000eab00000, 0x00000000efa00000, 0x0000000100000000)
  eden space 61952K, 100% used [0x00000000eab00000,0x00000000ee780000,0x00000000ee780000)
  from space 7168K, 0% used [0x00000000ef000000,0x00000000ef000000,0x00000000ef700000)
  to   space 8704K, 0% used [0x00000000ee780000,0x00000000ee780000,0x00000000ef000000)
 ParOldGen       total 76288K, used 38897K [0x00000000c0000000, 0x00000000c4a80000, 0x00000000eab00000)
  object space 76288K, 50% used [0x00000000c0000000,0x00000000c25fc6b0,0x00000000c4a80000)
 Metaspace       used 6062K, capacity 7152K, committed 7296K, reserved 1056768K
  class space    used 576K, capacity 616K, committed 640K, reserved 1048576K
Event: 40.642 GC heap after
Heap after GC invocations=10 (full 1):
 PSYoungGen      total 70656K, used 8673K [0x00000000eab00000, 0x00000000efa00000, 0x0000000100000000)
  eden space 61952K, 0% used [0x00000000eab00000,0x00000000eab00000,0x00000000ee780000)
  from space 8704K, 99% used [0x00000000ee780000,0x00000000eeff8560,0x00000000ef000000)
  to   space 7168K, 0% used [0x00000000ef000000,0x00000000ef000000,0x00000000ef700000)
 ParOldGen       total 76288K, used 39150K [0x00000000c0000000, 0x00000000c4a80000, 0x00000000eab00000)
  object space 76288K, 51% used [0x00000000c0000000,0x00000000c263b960,0x00000000c4a80000)
 Metaspace       used 6062K, capacity 7152K, committed 7296K, reserved 1056768K
  class space    used 576K, capacity 616K, committed 640K, reserved 1048576K
}

Deoptimization events (10 events):
Event: 41.223 Thread 0x00000000021ad800 Uncommon trap: reason=class_check action=maybe_recompile pc=0x00000000026af960 method=java.util.Arrays.hashCode([Ljava/lang/Object;)I @ 43
Event: 41.223 Thread 0x00000000021ad800 Uncommon trap: reason=class_check action=maybe_recompile pc=0x00000000026a6880 method=java.util.Arrays.hashCode([Ljava/lang/Object;)I @ 43
Event: 41.918 Thread 0x00000000021ad800 Uncommon trap: reason=speculate_class_check action=maybe_recompile pc=0x0000000002605848 method=com.android.dx.util.FixedSizeList.equals(Ljava/lang/Object;)Z @ 25
Event: 41.918 Thread 0x00000000021ad800 Uncommon trap: reason=class_check action=maybe_recompile pc=0x00000000025c47c4 method=java.util.Arrays.equals([Ljava/lang/Object;[Ljava/lang/Object;)Z @ 62
Event: 41.919 Thread 0x00000000021ad800 Uncommon trap: reason=speculate_class_check action=maybe_recompile pc=0x0000000002605848 method=com.android.dx.util.FixedSizeList.equals(Ljava/lang/Object;)Z @ 25
Event: 41.919 Thread 0x00000000021ad800 Uncommon trap: reason=class_check action=maybe_recompile pc=0x00000000025c47c4 method=java.util.Arrays.equals([Ljava/lang/Object;[Ljava/lang/Object;)Z @ 62
Event: 41.919 Thread 0x00000000021ad800 Uncommon trap: reason=speculate_class_check action=maybe_recompile pc=0x0000000002605848 method=com.android.dx.util.FixedSizeList.equals(Ljava/lang/Object;)Z @ 25
Event: 41.920 Thread 0x00000000021ad800 Uncommon trap: reason=speculate_class_check action=maybe_recompile pc=0x0000000002605848 method=com.android.dx.util.FixedSizeList.equals(Ljava/lang/Object;)Z @ 25
Event: 41.920 Thread 0x00000000021ad800 Uncommon trap: reason=class_check action=maybe_recompile pc=0x00000000025c47c4 method=java.util.Arrays.equals([Ljava/lang/Object;[Ljava/lang/Object;)Z @ 62
Event: 41.920 Thread 0x00000000021ad800 Uncommon trap: reason=class_check action=maybe_recompile pc=0x00000000025c47c4 method=java.util.Arrays.equals([Ljava/lang/Object;[Ljava/lang/Object;)Z @ 62

Internal exceptions (10 events):
Event: 41.918 Thread 0x00000000021ad800 Exception <a 'java/security/PrivilegedActionException'> (0x00000000ed39eb00) thrown at [D:\re\workspace\8-2-build-windows-amd64-cygwin\jdk8u25\1677\hotspot\src\share\vm\prims\jvm.cpp, line 1312]
Event: 41.919 Thread 0x00000000021ad800 Exception <a 'java/security/PrivilegedActionException'> (0x00000000ed3a1c88) thrown at [D:\re\workspace\8-2-build-windows-amd64-cygwin\jdk8u25\1677\hotspot\src\share\vm\prims\jvm.cpp, line 1312]
Event: 41.920 Thread 0x00000000021ad800 Exception <a 'java/security/PrivilegedActionException'> (0x00000000ed3a5298) thrown at [D:\re\workspace\8-2-build-windows-amd64-cygwin\jdk8u25\1677\hotspot\src\share\vm\prims\jvm.cpp, line 1312]
Event: 41.950 Thread 0x00000000021ad800 Exception <a 'java/security/PrivilegedActionException'> (0x00000000ed3c5ff0) thrown at [D:\re\workspace\8-2-build-windows-amd64-cygwin\jdk8u25\1677\hotspot\src\share\vm\prims\jvm.cpp, line 1312]
Event: 42.650 Thread 0x00000000021ad800 Exception <a 'java/security/PrivilegedActionException'> (0x00000000eddb5e78) thrown at [D:\re\workspace\8-2-build-windows-amd64-cygwin\jdk8u25\1677\hotspot\src\share\vm\prims\jvm.cpp, line 1312]
Event: 42.806 Thread 0x00000000021ad800 Exception <a 'java/security/PrivilegedActionException'> (0x00000000eddc1ca0) thrown at [D:\re\workspace\8-2-build-windows-amd64-cygwin\jdk8u25\1677\hotspot\src\share\vm\prims\jvm.cpp, line 1312]
Event: 42.807 Thread 0x00000000021ad800 Exception <a 'java/security/PrivilegedActionException'> (0x00000000eddc4a20) thrown at [D:\re\workspace\8-2-build-windows-amd64-cygwin\jdk8u25\1677\hotspot\src\share\vm\prims\jvm.cpp, line 1312]
Event: 43.067 Thread 0x00000000021ad800 Exception <a 'java/security/PrivilegedActionException'> (0x00000000ee3c0ad0) thrown at [D:\re\workspace\8-2-build-windows-amd64-cygwin\jdk8u25\1677\hotspot\src\share\vm\prims\jvm.cpp, line 1312]
Event: 44.148 Thread 0x00000000021ad800 Exception <a 'java/security/PrivilegedActionException'> (0x00000000ee55f538) thrown at [D:\re\workspace\8-2-build-windows-amd64-cygwin\jdk8u25\1677\hotspot\src\share\vm\prims\jvm.cpp, line 1312]
Event: 44.163 Thread 0x00000000021ad800 Exception <a 'java/security/PrivilegedActionException'> (0x00000000ee565230) thrown at [D:\re\workspace\8-2-build-windows-amd64-cygwin\jdk8u25\1677\hotspot\src\share\vm\prims\jvm.cpp, line 1312]

Events (10 events):
Event: 42.806 loading class com/android/dx/dex/file/DebugInfoEncoder$1
Event: 42.806 loading class com/android/dx/dex/file/DebugInfoEncoder$1 done
Event: 42.807 loading class com/android/dx/dex/file/DebugInfoEncoder$2
Event: 42.807 loading class com/android/dx/dex/file/DebugInfoEncoder$2 done
Event: 43.067 loading class com/android/dex/EncodedValueCodec
Event: 43.067 loading class com/android/dex/EncodedValueCodec done
Event: 44.148 loading class com/android/dx/dex/file/MapItem
Event: 44.148 loading class com/android/dx/dex/file/MapItem done
Event: 44.163 loading class com/android/dex/DexFormat
Event: 44.163 loading class com/android/dex/DexFormat done


Dynamic libraries:
0x00007ff719be0000 - 0x00007ff719c14000 	C:\Program Files\Java\jdk1.8.0_25\bin\java.exe
0x00007ff83b690000 - 0x00007ff83b83c000 	C:\Windows\SYSTEM32\ntdll.dll
0x00007ff839190000 - 0x00007ff8392ce000 	C:\Windows\system32\KERNEL32.DLL
0x00007ff8388b0000 - 0x00007ff8389c5000 	C:\Windows\system32\KERNELBASE.dll
0x00007ff837360000 - 0x00007ff8373ee000 	C:\Windows\system32\apphelp.dll
0x00007ff8296b0000 - 0x00007ff829703000 	C:\Windows\AppPatch\AppPatch64\AcGenral.DLL
0x00007ff838e70000 - 0x00007ff838f1a000 	C:\Windows\system32\msvcrt.dll
0x00007ff838680000 - 0x00007ff8386ae000 	C:\Windows\SYSTEM32\SspiCli.dll
0x00007ff83a9b0000 - 0x00007ff83aa04000 	C:\Windows\system32\SHLWAPI.dll
0x00007ff83b2a0000 - 0x00007ff83b417000 	C:\Windows\system32\USER32.dll
0x00007ff83a810000 - 0x00007ff83a9a4000 	C:\Windows\system32\ole32.dll
0x00007ff8392d0000 - 0x00007ff83a7e8000 	C:\Windows\system32\SHELL32.dll
0x00007ff837d60000 - 0x00007ff837d81000 	C:\Windows\SYSTEM32\USERENV.dll
0x00007ff83aa70000 - 0x00007ff83ab1a000 	C:\Windows\system32\ADVAPI32.dll
0x00007ff831740000 - 0x00007ff83175e000 	C:\Windows\SYSTEM32\MPR.dll
0x00007ff838f20000 - 0x00007ff839061000 	C:\Windows\system32\RPCRT4.dll
0x00007ff83b0e0000 - 0x00007ff83b139000 	C:\Windows\SYSTEM32\sechost.dll
0x00007ff83aec0000 - 0x00007ff83b0d1000 	C:\Windows\SYSTEM32\combase.dll
0x00007ff83b140000 - 0x00007ff83b291000 	C:\Windows\system32\GDI32.dll
0x00007ff8387e0000 - 0x00007ff8387f5000 	C:\Windows\SYSTEM32\profapi.dll
0x00007ff836b80000 - 0x00007ff836c32000 	C:\Windows\SYSTEM32\SHCORE.dll
0x00007ff83ae80000 - 0x00007ff83aeb6000 	C:\Windows\system32\IMM32.DLL
0x00007ff838d10000 - 0x00007ff838e63000 	C:\Windows\system32\MSCTF.dll
0x00007ff8360d0000 - 0x00007ff83634b000 	C:\Windows\WinSxS\amd64_microsoft.windows.common-controls_6595b64144ccf1df_6.0.9600.17415_none_6240486fecbd8abb\COMCTL32.dll
0x0000000063110000 - 0x00000000631e2000 	C:\Program Files\Java\jdk1.8.0_25\jre\bin\msvcr100.dll
0x0000000061f90000 - 0x00000000627ea000 	C:\Program Files\Java\jdk1.8.0_25\jre\bin\server\jvm.dll
0x00007ff834200000 - 0x00007ff834209000 	C:\Windows\SYSTEM32\WSOCK32.dll
0x00007ff831190000 - 0x00007ff8311b2000 	C:\Windows\SYSTEM32\WINMM.dll
0x00007ff83adf0000 - 0x00007ff83adf7000 	C:\Windows\system32\PSAPI.DLL
0x00007ff83aa10000 - 0x00007ff83aa6a000 	C:\Windows\system32\WS2_32.dll
0x00007ff831160000 - 0x00007ff83118a000 	C:\Windows\SYSTEM32\WINMMBASE.dll
0x00007ff83ae00000 - 0x00007ff83ae09000 	C:\Windows\system32\NSI.dll
0x00007ff838a80000 - 0x00007ff838acf000 	C:\Windows\SYSTEM32\cfgmgr32.dll
0x00007ff8375d0000 - 0x00007ff8375f8000 	C:\Windows\SYSTEM32\DEVOBJ.dll
0x0000000063970000 - 0x000000006397f000 	C:\Program Files\Java\jdk1.8.0_25\jre\bin\verify.dll
0x0000000063940000 - 0x0000000063968000 	C:\Program Files\Java\jdk1.8.0_25\jre\bin\java.dll
0x0000000063920000 - 0x0000000063936000 	C:\Program Files\Java\jdk1.8.0_25\jre\bin\zip.dll
0x00007ff81af60000 - 0x00007ff81b0ea000 	C:\Windows\SYSTEM32\dbghelp.dll

VM Arguments:
jvm_args: -Xmx1024M -Dfile.encoding=windows-1254 -Duser.country=US -Duser.language=en -Duser.variant 
java_command: com.android.dx.command.Main --dex --output C:\Users\Kadirroi\Desktop\MyApplication\app\build\intermediates\pre-dexed\debug\classes-9919af34e303e53a014a2df72515dcc51d6959d2.jar C:\Users\Kadirroi\Desktop\MyApplication\app\build\intermediates\exploded-aar\com.android.support\support-v4\21.0.3\classes.jar
java_class_path (initial): C:\Users\Kadirroi\AppData\Local\Android\sdk\build-tools\21.1.2\lib\dx.jar
Launcher Type: SUN_STANDARD

Environment Variables:
JAVA_HOME=C:\Program Files\Java\jdk1.8.0_25
PATH=C:\ProgramData\Oracle\Java\javapath;C:\Program Files (x86)\AMD APP\bin\x86_64;C:\Program Files (x86)\AMD APP\bin\x86;C:\Windows\system32;C:\Windows;C:\Windows\System32\Wbem;C:\Windows\System32\WindowsPowerShell\v1.0\;C:\Program Files (x86)\ATI Technologies\ATI.ACE\Core-Static;C:\Program Files\Microsoft SQL Server\120\Tools\Binn\;C:\Python27;C:\Program Files (x86)\scala\bin;C:\Program Files\Java\jdk1.8.0_25\bin;C:\apache-ant-1.9.4\bin;C:\Program Files\Microsoft SQL Server\110\Tools\Binn\;C:\Program Files\nodejs\;C:\Program Files (x86)\Windows Kits\8.1\Windows Performance Toolkit\;C:\Program Files (x86)\Microsoft SDKs\TypeScript\1.0\;C:\Program Files\Microsoft SQL Server\Client SDK\ODBC\110\Tools\Binn\;C:\Program Files (x86)\Microsoft SQL Server\120\Tools\Binn\;C:\Program Files\Microsoft SQL Server\120\DTS\Binn\;C:\Program Files (x86)\Microsoft SQL Server\120\Tools\Binn\ManagementStudio\;C:\Program Files (x86)\Microsoft SQL Server\120\DTS\Binn\;C:\Program Files\MATLAB\R2014a\runtime\win64;C:\Program Files\MATLAB\R2014a\bin;C:\Users\Kadirroi\AppData\Roaming\npm
USERNAME=Kadirroi
OS=Windows_NT
PROCESSOR_IDENTIFIER=Intel64 Family 6 Model 37 Stepping 2, GenuineIntel



---------------  S Y S T E M  ---------------

OS: Windows 8.1 , 64 bit Build 9600 

CPU:total 4 (2 cores per cpu, 2 threads per core) family 6 model 37 stepping 2, cmov, cx8, fxsr, mmx, sse, sse2, sse3, ssse3, sse4.1, sse4.2, popcnt, ht, tsc, tscinvbit

Memory: 4k page, physical 4052584k(366136k free), swap 5896084k(149956k free)

vm_info: Java HotSpot(TM) 64-Bit Server VM (25.25-b02) for windows-amd64 JRE (1.8.0_25-b18), built on Oct  7 2014 14:25:37 by "java_re" with MS VC++ 10.0 (VS2010)

time: Thu Mar 05 14:02:28 2015
elapsed time: 48 seconds (0d 0h 0m 48s)

